# JRE version: Java(TM) SE Runtime Environment (17.0.12+8) (build 17.0.12+8-LTS-286)
# Java VM: Java HotSpot(TM) 64-Bit Server VM (17.0.12+8-LTS-286, mixed mode, sharing, tiered, compressed oops, compressed class ptrs, g1 gc, windows-amd64)
GC Precious Log:
 CPUs: 8 total, 8 available
 Memory: 8059M
 Large Page Support: Disabled
 NUMA Support: Disabled
 Compressed Oops: Enabled (32-bit)
 Heap Region Size: 1M
 Heap Min Capacity: 8M
 Heap Initial Capacity: 126M
 Heap Max Capacity: 2016M
 Pre-touch: Disabled
 Parallel Workers: 8
 Concurrent Workers: 2
 Concurrent Refinement Workers: 8
 Periodic GC: Disabled
Heap:
 garbage-first heap   total 135168K, used 44393K [0x0000000082000000, 0x0000000100000000)
  region size 1024K, 1 young (1024K), 1 survivors (1024K)
 Metaspace       used 27590K, committed 27904K, reserved 1114112K
  class space    used 3079K, committed 3200K, reserved 1048576K
GC Heap History (20 events):
Event: 5.087 GC heap after
{Heap after GC invocations=5 (full 0):
 garbage-first heap   total 129024K, used 24690K [0x0000000082000000, 0x0000000100000000)
  region size 1024K, 9 young (9216K), 9 survivors (9216K)
 Metaspace       used 21246K, committed 21504K, reserved 1114112K
  class space    used 2432K, committed 2560K, reserved 1048576K
}
Event: 6.044 GC heap before
{Heap before GC invocations=6 (full 0):
 garbage-first heap   total 89088K, used 70770K [0x0000000082000000, 0x0000000100000000)
  region size 1024K, 53 young (54272K), 9 survivors (9216K)
 Metaspace       used 24014K, committed 24320K, reserved 1114112K
  class space    used 2736K, committed 2880K, reserved 1048576K
}
Event: 6.077 GC heap after
{Heap after GC invocations=7 (full 0):
 garbage-first heap   total 95232K, used 38581K [0x0000000082000000, 0x0000000100000000)
  region size 1024K, 10 young (10240K), 10 survivors (10240K)
 Metaspace       used 24014K, committed 24320K, reserved 1114112K
  class space    used 2736K, committed 2880K, reserved 1048576K
}
Event: 6.984 GC heap before
{Heap before GC invocations=7 (full 0):
 garbage-first heap   total 95232K, used 71349K [0x0000000082000000, 0x0000000100000000)
  region size 1024K, 39 young (39936K), 10 survivors (10240K)
 Metaspace       used 24556K, committed 24896K, reserved 1114112K
  class space    used 2790K, committed 2944K, reserved 1048576K
}
Event: 7.002 GC heap after
{Heap after GC invocations=8 (full 0):
 garbage-first heap   total 95232K, used 47090K [0x0000000082000000, 0x0000000100000000)
  region size 1024K, 5 young (5120K), 5 survivors (5120K)
 Metaspace       used 24556K, committed 24896K, reserved 1114112K
  class space    used 2790K, committed 2944K, reserved 1048576K
}
Event: 7.259 GC heap before
{Heap before GC invocations=8 (full 0):
 garbage-first heap   total 95232K, used 67570K [0x0000000082000000, 0x0000000100000000)
  region size 1024K, 24 young (24576K), 5 survivors (5120K)
 Metaspace       used 24565K, committed 24896K, reserved 1114112K
  class space    used 2790K, committed 2944K, reserved 1048576K
}
Event: 7.273 GC heap after
{Heap after GC invocations=9 (full 0):
 garbage-first heap   total 95232K, used 55282K [0x0000000082000000, 0x0000000100000000)
  region size 1024K, 3 young (3072K), 3 survivors (3072K)
 Metaspace       used 24565K, committed 24896K, reserved 1114112K
  class space    used 2790K, committed 2944K, reserved 1048576K
}
Event: 7.584 GC heap before
{Heap before GC invocations=9 (full 0):
 garbage-first heap   total 95232K, used 69618K [0x0000000082000000, 0x0000000100000000)
  region size 1024K, 17 young (17408K), 3 survivors (3072K)
 Metaspace       used 24577K, committed 24896K, reserved 1114112K
  class space    used 2790K, committed 2944K, reserved 1048576K
}
Event: 7.593 GC heap after
{Heap after GC invocations=10 (full 0):
 garbage-first heap   total 118784K, used 60914K [0x0000000082000000, 0x0000000100000000)
  region size 1024K, 3 young (3072K), 3 survivors (3072K)
 Metaspace       used 24577K, committed 24896K, reserved 1114112K
  class space    used 2790K, committed 2944K, reserved 1048576K
}
Event: 8.001 GC heap before
{Heap before GC invocations=11 (full 0):
 garbage-first heap   total 118784K, used 84466K [0x0000000082000000, 0x0000000100000000)
  region size 1024K, 25 young (25600K), 3 survivors (3072K)
 Metaspace       used 24988K, committed 25280K, reserved 1114112K
  class space    used 2829K, committed 2944K, reserved 1048576K
}
Event: 8.017 GC heap after
{Heap after GC invocations=12 (full 0):
 garbage-first heap   total 118784K, used 67570K [0x0000000082000000, 0x0000000100000000)
  region size 1024K, 4 young (4096K), 4 survivors (4096K)
 Metaspace       used 24988K, committed 25280K, reserved 1114112K
  class space    used 2829K, committed 2944K, reserved 1048576K
}
Event: 8.038 GC heap before
{Heap before GC invocations=12 (full 0):
 garbage-first heap   total 118784K, used 68594K [0x0000000082000000, 0x0000000100000000)
  region size 1024K, 5 young (5120K), 4 survivors (4096K)
 Metaspace       used 25011K, committed 25280K, reserved 1114112K
  class space    used 2829K, committed 2944K, reserved 1048576K
}
Event: 8.048 GC heap after
{Heap after GC invocations=13 (full 0):
 garbage-first heap   total 118784K, used 64632K [0x0000000082000000, 0x0000000100000000)
  region size 1024K, 1 young (1024K), 1 survivors (1024K)
 Metaspace       used 25011K, committed 25280K, reserved 1114112K
  class space    used 2829K, committed 2944K, reserved 1048576K
}
Event: 8.474 GC heap before
{Heap before GC invocations=13 (full 0):
 garbage-first heap   total 118784K, used 86136K [0x0000000082000000, 0x0000000100000000)
  region size 1024K, 22 young (22528K), 1 survivors (1024K)
 Metaspace       used 25300K, committed 25600K, reserved 1114112K
  class space    used 2836K, committed 3008K, reserved 1048576K
}
Event: 8.480 GC heap after
{Heap after GC invocations=14 (full 0):
 garbage-first heap   total 118784K, used 64770K [0x0000000082000000, 0x0000000100000000)
  region size 1024K, 2 young (2048K), 2 survivors (2048K)
 Metaspace       used 25300K, committed 25600K, reserved 1114112K
  class space    used 2836K, committed 3008K, reserved 1048576K
}
Event: 8.909 GC heap before
{Heap before GC invocations=15 (full 0):
 garbage-first heap   total 118784K, used 83202K [0x0000000082000000, 0x0000000100000000)
  region size 1024K, 25 young (25600K), 2 survivors (2048K)
 Metaspace       used 26856K, committed 27200K, reserved 1114112K
  class space    used 2975K, committed 3136K, reserved 1048576K
}
Event: 8.916 GC heap after
{Heap after GC invocations=16 (full 0):
 garbage-first heap   total 118784K, used 67167K [0x0000000082000000, 0x0000000100000000)
  region size 1024K, 4 young (4096K), 4 survivors (4096K)
 Metaspace       used 26856K, committed 27200K, reserved 1114112K
  class space    used 2975K, committed 3136K, reserved 1048576K
}
Event: 8.931 GC heap before
{Heap before GC invocations=16 (full 0):
 garbage-first heap   total 118784K, used 67167K [0x0000000082000000, 0x0000000100000000)
  region size 1024K, 5 young (5120K), 4 survivors (4096K)
 Metaspace       used 26856K, committed 27200K, reserved 1114112K
  class space    used 2975K, committed 3136K, reserved 1048576K
}
Event: 8.936 GC heap after
{Heap after GC invocations=17 (full 0):
 garbage-first heap   total 118784K, used 53776K [0x0000000082000000, 0x0000000100000000)
  region size 1024K, 1 young (1024K), 1 survivors (1024K)
 Metaspace       used 26856K, committed 27200K, reserved 1114112K
  class space    used 2975K, committed 3136K, reserved 1048576K
}
Event: 9.066 GC heap before
{Heap before GC invocations=17 (full 0):
 garbage-first heap   total 118784K, used 57872K [0x0000000082000000, 0x0000000100000000)
  region size 1024K, 5 young (5120K), 1 survivors (1024K)
 Metaspace       used 27590K, committed 27904K, reserved 1114112K
  class space    used 3079K, committed 3200K, reserved 1048576K
}

