# JRE version: Java(TM) SE Runtime Environment (17.0.12+8) (build 17.0.12+8-LTS-286)
# Java VM: Java HotSpot(TM) 64-Bit Server VM (17.0.12+8-LTS-286, mixed mode, sharing, tiered, compressed oops, compressed class ptrs, g1 gc, windows-amd64)
GC Precious Log:
 CPUs: 8 total, 8 available
 Memory: 8059M
 Large Page Support: Disabled
 NUMA Support: Disabled
 Compressed Oops: Enabled (32-bit)
 Heap Region Size: 1M
 Heap Min Capacity: 8M
 Heap Initial Capacity: 126M
 Heap Max Capacity: 2016M
 Pre-touch: Disabled
 Parallel Workers: 8
 Concurrent Workers: 2
 Concurrent Refinement Workers: 8
 Periodic GC: Disabled
Heap:
 garbage-first heap   total 119808K, used 69249K [0x0000000082000000, 0x0000000100000000)
  region size 1024K, 17 young (17408K), 2 survivors (2048K)
 Metaspace       used 28207K, committed 28480K, reserved 1114112K
  class space    used 3139K, committed 3264K, reserved 1048576K
GC Heap History (20 events):
Event: 5.470 GC heap before
{Heap before GC invocations=4 (full 0):
 garbage-first heap   total 129024K, used 30884K [0x0000000082000000, 0x0000000100000000)
  region size 1024K, 15 young (15360K), 5 survivors (5120K)
 Metaspace       used 21292K, committed 21504K, reserved 1114112K
  class space    used 2440K, committed 2560K, reserved 1048576K
}
Event: 5.481 GC heap after
{Heap after GC invocations=5 (full 0):
 garbage-first heap   total 129024K, used 25474K [0x0000000082000000, 0x0000000100000000)
  region size 1024K, 9 young (9216K), 9 survivors (9216K)
 Metaspace       used 21292K, committed 21504K, reserved 1114112K
  class space    used 2440K, committed 2560K, reserved 1048576K
}
Event: 6.535 GC heap before
{Heap before GC invocations=6 (full 0):
 garbage-first heap   total 92160K, used 72578K [0x0000000082000000, 0x0000000100000000)
  region size 1024K, 54 young (55296K), 9 survivors (9216K)
 Metaspace       used 24205K, committed 24512K, reserved 1114112K
  class space    used 2772K, committed 2944K, reserved 1048576K
}
Event: 6.574 GC heap after
{Heap after GC invocations=7 (full 0):
 garbage-first heap   total 97280K, used 38934K [0x0000000082000000, 0x0000000100000000)
  region size 1024K, 7 young (7168K), 7 survivors (7168K)
 Metaspace       used 24205K, committed 24512K, reserved 1114112K
  class space    used 2772K, committed 2944K, reserved 1048576K
}
Event: 8.339 GC heap before
{Heap before GC invocations=8 (full 0):
 garbage-first heap   total 97280K, used 72726K [0x0000000082000000, 0x0000000100000000)
  region size 1024K, 37 young (37888K), 7 survivors (7168K)
 Metaspace       used 24665K, committed 24960K, reserved 1114112K
  class space    used 2792K, committed 2944K, reserved 1048576K
}
Event: 8.366 GC heap after
{Heap after GC invocations=9 (full 0):
 garbage-first heap   total 97280K, used 50900K [0x0000000082000000, 0x0000000100000000)
  region size 1024K, 5 young (5120K), 5 survivors (5120K)
 Metaspace       used 24665K, committed 24960K, reserved 1114112K
  class space    used 2792K, committed 2944K, reserved 1048576K
}
Event: 9.264 GC heap before
{Heap before GC invocations=9 (full 0):
 garbage-first heap   total 97280K, used 53972K [0x0000000082000000, 0x0000000100000000)
  region size 1024K, 9 young (9216K), 5 survivors (5120K)
 Metaspace       used 24668K, committed 24960K, reserved 1114112K
  class space    used 2792K, committed 2944K, reserved 1048576K
}
Event: 9.275 GC heap after
{Heap after GC invocations=10 (full 0):
 garbage-first heap   total 97280K, used 52948K [0x0000000082000000, 0x0000000100000000)
  region size 1024K, 2 young (2048K), 2 survivors (2048K)
 Metaspace       used 24668K, committed 24960K, reserved 1114112K
  class space    used 2792K, committed 2944K, reserved 1048576K
}
Event: 10.153 GC heap before
{Heap before GC invocations=11 (full 0):
 garbage-first heap   total 99328K, used 69332K [0x0000000082000000, 0x0000000100000000)
  region size 1024K, 17 young (17408K), 2 survivors (2048K)
 Metaspace       used 24675K, committed 24960K, reserved 1114112K
  class space    used 2792K, committed 2944K, reserved 1048576K
}
Event: 10.164 GC heap after
{Heap after GC invocations=12 (full 0):
 garbage-first heap   total 99328K, used 59092K [0x0000000082000000, 0x0000000100000000)
  region size 1024K, 3 young (3072K), 3 survivors (3072K)
 Metaspace       used 24675K, committed 24960K, reserved 1114112K
  class space    used 2792K, committed 2944K, reserved 1048576K
}
Event: 10.610 GC heap before
{Heap before GC invocations=12 (full 0):
 garbage-first heap   total 99328K, used 60116K [0x0000000082000000, 0x0000000100000000)
  region size 1024K, 4 young (4096K), 3 survivors (3072K)
 Metaspace       used 24681K, committed 24960K, reserved 1114112K
  class space    used 2792K, committed 2944K, reserved 1048576K
}
Event: 10.621 GC heap after
{Heap after GC invocations=13 (full 0):
 garbage-first heap   total 119808K, used 56297K [0x0000000082000000, 0x0000000100000000)
  region size 1024K, 1 young (1024K), 1 survivors (1024K)
 Metaspace       used 24681K, committed 24960K, reserved 1114112K
  class space    used 2792K, committed 2944K, reserved 1048576K
}
Event: 13.089 GC heap before
{Heap before GC invocations=13 (full 0):
 garbage-first heap   total 119808K, used 75753K [0x0000000082000000, 0x0000000100000000)
  region size 1024K, 22 young (22528K), 1 survivors (1024K)
 Metaspace       used 24721K, committed 25024K, reserved 1114112K
  class space    used 2792K, committed 2944K, reserved 1048576K
}
Event: 13.108 GC heap after
{Heap after GC invocations=14 (full 0):
 garbage-first heap   total 119808K, used 63205K [0x0000000082000000, 0x0000000100000000)
  region size 1024K, 3 young (3072K), 3 survivors (3072K)
 Metaspace       used 24721K, committed 25024K, reserved 1114112K
  class space    used 2792K, committed 2944K, reserved 1048576K
}
Event: 13.995 GC heap before
{Heap before GC invocations=15 (full 0):
 garbage-first heap   total 119808K, used 80613K [0x0000000082000000, 0x0000000100000000)
  region size 1024K, 23 young (23552K), 3 survivors (3072K)
 Metaspace       used 25289K, committed 25600K, reserved 1114112K
  class space    used 2837K, committed 3008K, reserved 1048576K
}
Event: 14.019 GC heap after
{Heap after GC invocations=16 (full 0):
 garbage-first heap   total 119808K, used 60793K [0x0000000082000000, 0x0000000100000000)
  region size 1024K, 3 young (3072K), 3 survivors (3072K)
 Metaspace       used 25289K, committed 25600K, reserved 1114112K
  class space    used 2837K, committed 3008K, reserved 1048576K
}
Event: 14.035 GC heap before
{Heap before GC invocations=16 (full 0):
 garbage-first heap   total 119808K, used 62841K [0x0000000082000000, 0x0000000100000000)
  region size 1024K, 5 young (5120K), 3 survivors (3072K)
 Metaspace       used 25299K, committed 25600K, reserved 1114112K
  class space    used 2837K, committed 3008K, reserved 1048576K
}
Event: 14.049 GC heap after
{Heap after GC invocations=17 (full 0):
 garbage-first heap   total 119808K, used 57771K [0x0000000082000000, 0x0000000100000000)
  region size 1024K, 1 young (1024K), 1 survivors (1024K)
 Metaspace       used 25299K, committed 25600K, reserved 1114112K
  class space    used 2837K, committed 3008K, reserved 1048576K
}
Event: 17.447 GC heap before
{Heap before GC invocations=17 (full 0):
 garbage-first heap   total 119808K, used 82347K [0x0000000082000000, 0x0000000100000000)
  region size 1024K, 25 young (25600K), 1 survivors (1024K)
 Metaspace       used 26319K, committed 26624K, reserved 1114112K
  class space    used 2927K, committed 3072K, reserved 1048576K
}
Event: 17.454 GC heap after
{Heap after GC invocations=18 (full 0):
 garbage-first heap   total 119808K, used 59009K [0x0000000082000000, 0x0000000100000000)
  region size 1024K, 2 young (2048K), 2 survivors (2048K)
 Metaspace       used 26319K, committed 26624K, reserved 1114112K
  class space    used 2927K, committed 3072K, reserved 1048576K
}

